DEB [20210812-09:27:04.837] thr=1   paramiko.transport: starting thread (client mode): 0xfcda6a00
DEB [20210812-09:27:04.837] thr=1   paramiko.transport: Local version/idstring: SSH-2.0-paramiko_2.7.2
DEB [20210812-09:27:04.873] thr=1   paramiko.transport: Remote version/idstring: SSH-2.0-WeOnlyDo-wodFTPD 3.3.0.424
INF [20210812-09:27:04.873] thr=1   paramiko.transport: Connected (version 2.0, client WeOnlyDo-wodFTPD)
DEB [20210812-09:27:04.946] thr=1   paramiko.transport: kex algos:['diffie-hellman-group1-sha1', 'diffie-hellman-group14-sha1'] server key:['ssh-rsa'] client encrypt:['aes128-cbc', 'aes128-ctr', '3des-cbc', 'blowfish-cbc', 'aes192-cbc', 'aes192-ctr', 'aes256-cbc', 'aes256-ctr', 'rijndael128-cbc', 'rijndael192-cbc', 'rijndael256-cbc', 'rijndael-cbc@lysator.liu.se'] server encrypt:['aes128-cbc', 'aes128-ctr', '3des-cbc', 'blowfish-cbc', 'aes192-cbc', 'aes192-ctr', 'aes256-cbc', 'aes256-ctr', 'rijndael128-cbc', 'rijndael192-cbc', 'rijndael256-cbc', 'rijndael-cbc@lysator.liu.se'] client mac:['hmac-sha1', 'hmac-md5', 'none'] server mac:['hmac-sha1', 'hmac-md5', 'none'] client compress:['zlib', 'none'] server compress:['zlib', 'none'] client lang:[''] server lang:[''] kex follows?False
DEB [20210812-09:27:04.946] thr=1   paramiko.transport: Kex agreed: diffie-hellman-group14-sha1
DEB [20210812-09:27:04.946] thr=1   paramiko.transport: HostKey agreed: ssh-rsa
DEB [20210812-09:27:04.946] thr=1   paramiko.transport: Cipher agreed: aes128-ctr
DEB [20210812-09:27:04.946] thr=1   paramiko.transport: MAC agreed: hmac-sha1
DEB [20210812-09:27:04.946] thr=1   paramiko.transport: Compression agreed: none
DEB [20210812-09:27:05.094] thr=1   paramiko.transport: kex engine KexGroup14 specified hash_algo <built-in function openssl_sha1>
DEB [20210812-09:27:05.139] thr=1   paramiko.transport: Switch to new keys ...
DEB [20210812-09:27:05.139] thr=2   paramiko.transport: Attempting password auth...
DEB [20210812-09:27:05.175] thr=1   paramiko.transport: userauth is OK
INF [20210812-09:27:05.218] thr=1   paramiko.transport: Auth banner: b"Hello, I'm freeFTPd 1.0"
INF [20210812-09:27:05.296] thr=1   paramiko.transport: Authentication (password) successful!
DEB [20210812-09:27:05.296] thr=2   paramiko.transport: [chan 0] Max packet in: 32768 bytes
DEB [20210812-09:27:05.336] thr=1   paramiko.transport: [chan 0] Max packet out: 98304 bytes
DEB [20210812-09:27:05.336] thr=1   paramiko.transport: Secsh channel 0 opened.
DEB [20210812-09:27:05.377] thr=1   paramiko.transport: [chan 0] Sesch channel 0 request ok
INF [20210812-09:27:06.435] thr=2   paramiko.transport.sftp: [chan 0] Opened sftp connection (server version 3)
DEB [20210812-09:27:12.832] thr=1   paramiko.transport: EOF in transport thread
DEB [20210813-08:51:01.173] thr=1   paramiko.transport: starting thread (client mode): 0xca466a00
DEB [20210813-08:51:01.173] thr=1   paramiko.transport: Local version/idstring: SSH-2.0-paramiko_2.7.2
DEB [20210813-08:51:01.221] thr=1   paramiko.transport: Remote version/idstring: SSH-2.0-WeOnlyDo-wodFTPD 3.3.0.424
INF [20210813-08:51:01.221] thr=1   paramiko.transport: Connected (version 2.0, client WeOnlyDo-wodFTPD)
DEB [20210813-08:51:01.324] thr=1   paramiko.transport: kex algos:['diffie-hellman-group1-sha1', 'diffie-hellman-group14-sha1'] server key:['ssh-rsa'] client encrypt:['aes128-cbc', 'aes128-ctr', '3des-cbc', 'blowfish-cbc', 'aes192-cbc', 'aes192-ctr', 'aes256-cbc', 'aes256-ctr', 'rijndael128-cbc', 'rijndael192-cbc', 'rijndael256-cbc', 'rijndael-cbc@lysator.liu.se'] server encrypt:['aes128-cbc', 'aes128-ctr', '3des-cbc', 'blowfish-cbc', 'aes192-cbc', 'aes192-ctr', 'aes256-cbc', 'aes256-ctr', 'rijndael128-cbc', 'rijndael192-cbc', 'rijndael256-cbc', 'rijndael-cbc@lysator.liu.se'] client mac:['hmac-sha1', 'hmac-md5', 'none'] server mac:['hmac-sha1', 'hmac-md5', 'none'] client compress:['zlib', 'none'] server compress:['zlib', 'none'] client lang:[''] server lang:[''] kex follows?False
DEB [20210813-08:51:01.324] thr=1   paramiko.transport: Kex agreed: diffie-hellman-group14-sha1
DEB [20210813-08:51:01.324] thr=1   paramiko.transport: HostKey agreed: ssh-rsa
DEB [20210813-08:51:01.324] thr=1   paramiko.transport: Cipher agreed: aes128-ctr
DEB [20210813-08:51:01.324] thr=1   paramiko.transport: MAC agreed: hmac-sha1
DEB [20210813-08:51:01.324] thr=1   paramiko.transport: Compression agreed: none
DEB [20210813-08:51:01.464] thr=1   paramiko.transport: kex engine KexGroup14 specified hash_algo <built-in function openssl_sha1>
DEB [20210813-08:51:01.512] thr=1   paramiko.transport: Switch to new keys ...
DEB [20210813-08:51:01.512] thr=2   paramiko.transport: Attempting password auth...
DEB [20210813-08:51:01.561] thr=1   paramiko.transport: userauth is OK
INF [20210813-08:51:01.618] thr=1   paramiko.transport: Auth banner: b"Hello, I'm freeFTPd 1.0"
INF [20210813-08:51:01.703] thr=1   paramiko.transport: Authentication (password) successful!
DEB [20210813-08:51:01.703] thr=2   paramiko.transport: [chan 0] Max packet in: 32768 bytes
DEB [20210813-08:51:01.761] thr=1   paramiko.transport: [chan 0] Max packet out: 98304 bytes
DEB [20210813-08:51:01.761] thr=1   paramiko.transport: Secsh channel 0 opened.
DEB [20210813-08:51:01.811] thr=1   paramiko.transport: [chan 0] Sesch channel 0 request ok
INF [20210813-08:51:02.883] thr=2   paramiko.transport.sftp: [chan 0] Opened sftp connection (server version 3)
DEB [20210813-08:52:05.513] thr=2   paramiko.transport.sftp: [chan 0] stat(b'tt.txt')
DEB [20210813-08:52:05.565] thr=2   paramiko.transport.sftp: [chan 0] open(b'tt.txt', 'rb')
DEB [20210813-08:52:05.614] thr=2   paramiko.transport.sftp: [chan 0] open(b'tt.txt', 'rb') -> 776f645366747046696c6548616e646c6530
DEB [20210813-08:52:05.676] thr=2   paramiko.transport.sftp: [chan 0] close(776f645366747046696c6548616e646c6530)
INF [20210813-08:52:05.745] thr=2   paramiko.transport.sftp: [chan 0] sftp session closed.
DEB [20210813-08:52:05.745] thr=2   paramiko.transport: [chan 0] EOF sent (0)
DEB [20210813-08:52:05.745] thr=1   paramiko.transport: EOF in transport thread
